00002962	                        	                                	R0=E5F00380 R1=FF7F391C R2=FF7F3920 R3=00000000 R4=E558808C R5=00000030 R6=BD878B82 R7=00000003 R8=00000000 R9=E26C5410 R10=FF7F39D8 R11=FF7F399C R12=BD5A31F9 SP=FF7F3910 LR=BD6F10E7 PSR=20840030 D0= D1= D2= D3= D4= D5= D6= D7= D8= D9= D10= D11= D12= D13= D14= D15= D16= D17= D18= D19= D20= D21= D22= D23= D24= D25= D26= D27= D28= D29= D30=	
00002962	libmyjni.so:n2          	PUSH.W          {R4-R10,LR}     	SP=FF7F38F0                             	
00002962	libmyjni.so:n2+4        	MOV             R6, R0          	R6=E5F00380                             	
00002962	libmyjni.so:n2+6        	LDR             R4, =(off_BD5A6F80 - 0xBD5A320A)	R4=00003D76                             	
00002962	libmyjni.so:n2+8        	SUB             SP, SP, #0x18   	SP=FF7F38D8                             	
00002962	libmyjni.so:n2+A        	LDR             R0, =(aSdcardRegDat - 0xBD5A3210); \"/sdcard/reg.dat\"	R0=00001B98                             	
00002962	libmyjni.so:n2+C        	MOV             R9, R2          	R9=FF7F3920                             	
00002962	libmyjni.so:n2+E        	ADD             R4, PC; off_BD5A6F80	R4=BD5A6F80                             	
00002962	libmyjni.so:n2+10       	LDR             R4, [R4]; __stack_chk_guard	R4=E8AD3124                             	
00002962	libmyjni.so:n2+12       	LDR             R1, =(unk_BD5A4DB8 - 0xBD5A3214)	R1=00001BA4                             	
00002962	libmyjni.so:n2+14       	ADD             R0, PC; \"/sdcard/reg.dat\"	R0=BD5A4DA8                             	
00002962	libmyjni.so:n2+16       	LDR             R3, [R4]        	R3=8F855664                             	
00002962	libmyjni.so:n2+18       	ADD             R1, PC; unk_BD5A4DB8	R1=BD5A4DB8                             	
00002962	libmyjni.so:n2+1A       	MOV             R8, R4          	R8=E8AD3124                             	
00002962	libmyjni.so:n2+1C       	STR             R3, [SP,#0x14]  	                                        	
00002962	libmyjni.so:n2+1E       	BLX             unk_BD5A30F0    	LR=BD5A321B T=0                         	
00002962	libmyjni.so:unk_BD5A30F0	ADRL            R12, 0xBD5A60F8 	R12=BD5A60F8                            	
00002962	libmyjni.so:BD5A30F8    	LDR             PC, [R12,#0xEC4]!	R12=BD5A6FBC T=1                        	
00002962	libc.so:fopen           	PUSH            {R4-R7,LR}      	SP=FF7F38C4                             	
00002962	                        	                                	R0=E5D4001C R1=8F855664 R2=E8ABEEB5 R3=E8ABF591 R4=E8AD3124 R5=00000030 R6=E5F00380 R7=00000003 R8=E8AD3124 R9=FF7F3920 R10=FF7F39D8 R11=FF7F399C R12=E8ABEF0D SP=FF7F38D8 LR=E8A7FD2D PSR=60840030 D0= D1= D2= D3= D4= D5= D6= D7= D8= D9= D10= D11= D12= D13= D14= D15= D16= D17= D18= D19= D20= D21= D22= D23= D24= D25= D26= D27= D28= D29= D30=	
00002962	libmyjni.so:n2+22       	MOV             R7, R0          	R7=E5D4001C                             	
00002962	libmyjni.so:n2+24       	CBNZ            R0, loc_BD5A323A	                                        	
00002962	libmyjni.so:loc_BD5A323A	LDR             R3, =(aW3AreWhoWeAre - 0xBD5A3242); \"W3_arE_whO_we_ARE\"	R3=00001B9B                             	
00002962	libmyjni.so:n2+44       	MOV             R4, SP          	R4=FF7F38D8                             	
00002962	libmyjni.so:n2+46       	ADD             R3, PC; \"W3_arE_whO_we_ARE\"	R3=BD5A4DDD                             	
00002962	libmyjni.so:n2+48       	ADD.W           R2, R3, #0x10   	R2=BD5A4DED                             	
00002962	libmyjni.so:loc_BD5A3244	LDR             R0, [R3]; \"W3_arE_whO_we_ARE\"	R0=615F3357                             	
00002962	libmyjni.so:n2+4E       	ADDS            R3, #8          	R3=BD5A4DE5 C=0 Z=0 N=1                 	
00002962	libmyjni.so:n2+50       	LDR.W           R1, [R3,#-4]    	R1=775F4572                             	
00002962	libmyjni.so:n2+54       	CMP             R3, R2          	                                        	
00002962	libmyjni.so:n2+56       	MOV             R5, R4          	R5=FF7F38D8                             	
00002962	libmyjni.so:n2+58       	STM             R5!, {R0,R1}    	R5=FF7F38E0                             	
00002962	libmyjni.so:n2+5A       	MOV             R4, R5          	R4=FF7F38E0                             	
00002962	libmyjni.so:n2+5C       	BNE             loc_BD5A3244    	                                        	
00002962	libmyjni.so:loc_BD5A3244	LDR             R0, [R3]; \"W3_arE_whO_we_ARE\"	R0=775F4F68                             	
00002962	libmyjni.so:n2+4E       	ADDS            R3, #8          	R3=BD5A4DED                             	
00002962	libmyjni.so:n2+50       	LDR.W           R1, [R3,#-4]    	R1=52415F65                             	
00002962	libmyjni.so:n2+54       	CMP             R3, R2          	C=1 Z=1 N=0                             	
00002962	libmyjni.so:n2+56       	MOV             R5, R4          	                                        	
00002962	libmyjni.so:n2+58       	STM             R5!, {R0,R1}    	R5=FF7F38E8                             	
00002962	libmyjni.so:n2+5A       	MOV             R4, R5          	R4=FF7F38E8                             	
00002962	libmyjni.so:n2+5C       	BNE             loc_BD5A3244    	                                        	
00002962	libmyjni.so:n2+5E       	LDRH            R3, [R3]        	R3=00000045                             	
00002962	libmyjni.so:n2+60       	MOV             R1, R9          	R1=FF7F3920                             	
00002962	libmyjni.so:n2+62       	MOV             R0, R6          	R0=E5F00380                             	
00002962	libmyjni.so:n2+64       	MOVS            R2, #0          	R2=00000000                             	
00002962	libmyjni.so:n2+66       	MOV.W           R4, #0x7E0      	R4=000007E0                             	
00002962	libmyjni.so:n2+6A       	STRH            R3, [R5]        	                                        	
00002962	libmyjni.so:n2+6C       	LDR             R3, [R6]        	R3=E5CE214C                             	
00002962	libmyjni.so:n2+6E       	MOVS            R6, #0          	R6=00000000                             	
00002962	libmyjni.so:n2+70       	LDR.W           R3, [R3,#0x2A4] 	R3=E5A5E6E5                             	
00002962	libmyjni.so:n2+74       	BLX             R3              	LR=BD5A326F                             	
00002962	libart.so:art::`anonymous namespace'::CheckJNI::GetStringUTFChars(_JNIEnv *,_jstring *,uchar *)	PUSH            {R7,LR}         	SP=FF7F38D0                             	
00002962	                        	                                	R0=EB43BFB0 R1=8F855664 R2=00430000 R3=E5880969 R4=000007E0 R5=FF7F38E8 R6=00000000 R7=E5D4001C R8=E8AD3124 R9=FF7F3920 R10=FF7F39D8 R11=FF7F399C R12=E8BF8FB4 SP=FF7F38D8 LR=E5A6DAF7 PSR=60840030 D0= D1= D2= D3= D4= D5= D6= D7= D8= D9= D10= D11= D12= D13= D14= D15= D16= D17= D18= D19= D20= D21= D22= D23= D24= D25= D26= D27= D28= D29= D30=	
00002962	libmyjni.so:n2+76       	MOV             R9, R0          	R9=EB43BFB0                             	
00002962	libmyjni.so:n2+78       	BLX             unk_BD5A30FC    	LR=BD5A3275 T=0                         	
00002962	libmyjni.so:unk_BD5A30FC	ADRL            R12, 0xBD5A6104 	R12=BD5A6104                            	
00002962	libmyjni.so:BD5A3104    	LDR             PC, [R12,#0xEBC]!	R12=BD5A6FC0 T=1                        	
00002962	libc.so:strlen_a9       	PLD             [R0]            	                                        	
00002962	                        	                                	R0=00000006 R1=EB43BFB8 R2=00000000 R3=FF006362 R4=000007E0 R5=FF7F38E8 R6=00000000 R7=E5D4001C R8=E8AD3124 R9=EB43BFB0 R10=FF7F39D8 R11=FF7F399C R12=00800000 SP=FF7F38D8 LR=BD5A3275 PSR=00840030 D0= D1= D2= D3= D4= D5= D6= D7= D8= D9= D10= D11= D12= D13= D14= D15= D16= D17= D18= D19= D20= D21= D22= D23= D24= D25= D26= D27= D28= D29= D30=	
00002962	libmyjni.so:n2+7C       	MOV             R5, R9          	R5=EB43BFB0                             	
00002962	libmyjni.so:n2+7E       	MOV             R10, R0         	R10=00000006                            	
00002962	libmyjni.so:loc_BD5A3278	CMP             R6, R10         	N=1                                     	
00002962	libmyjni.so:n2+82       	BGE             loc_BD5A32E0    	                                        	
00002962	libmyjni.so:n2+84       	MOV             R0, R6          	R0=00000000                             	
00002962	libmyjni.so:n2+86       	MOVS            R1, #3          	R1=00000003 N=0                         	
00002962	libmyjni.so:n2+88       	BLX             unk_BD5A36C8    	LR=BD5A3285 T=0                         	
00002962	libmyjni.so:unk_BD5A36C8	CMP             R1, #0          	C=1                                     	
00002962	libmyjni.so:JNI_OnUnLoad+130	BEQ             unk_BD5A36B8    	                                        	
00002962	libmyjni.so:JNI_OnUnLoad+134	PUSH            {R0,R1,LR}      	SP=FF7F38CC                             	
00002962	libmyjni.so:JNI_OnUnLoad+138	BL              unk_BD5A35F4    	LR=BD5A36D8                             	
00002962	libmyjni.so:unk_BD5A35F4	EOR             R12, R0, R1     	R12=00000003                            	
00002962	libmyjni.so:JNI_OnUnLoad+5C	RSBMI           R1, R1, #0      	                                        	
00002962	libmyjni.so:JNI_OnUnLoad+60	SUBS            R2, R1, #1      	R2=00000002                             	
00002962	libmyjni.so:JNI_OnUnLoad+64	BEQ             unk_BD5A3684    	                                        	
00002962	libmyjni.so:JNI_OnUnLoad+68	MOVS            R3, R0          	R3=00000000 Z=1                         	
00002962	libmyjni.so:JNI_OnUnLoad+6C	RSBMI           R3, R0, #0      	                                        	
00002962	libmyjni.so:JNI_OnUnLoad+70	CMP             R3, R1          	C=0 Z=0 N=1                             	
00002962	libmyjni.so:JNI_OnUnLoad+74	BLS             unk_BD5A3690    	                                        	
00002962	libmyjni.so:unk_BD5A3690	MOVCC           R0, #0          	                                        	
00002962	libmyjni.so:JNI_OnUnLoad+F8	MOVEQ           R0, R12,ASR#31  	                                        	
00002962	libmyjni.so:JNI_OnUnLoad+FC	ORREQ           R0, R0, #1      	                                        	
00002962	libmyjni.so:JNI_OnUnLoad+100	BX              LR              	                                        	
00002962	libmyjni.so:JNI_OnUnLoad+13C	POP             {R1,R2,LR}      	R1=00000000 R2=00000003 SP=FF7F38D8 LR=BD5A3285	
00002962	libmyjni.so:JNI_OnUnLoad+140	MUL             R3, R2, R0      	                                        	
00002962	libmyjni.so:JNI_OnUnLoad+144	SUB             R1, R1, R3      	                                        	
00002962	libmyjni.so:JNI_OnUnLoad+148	BX              LR              	T=1                                     	
00002962	libmyjni.so:n2+8C       	CMP             R1, #1          	                                        	
00002962	libmyjni.so:n2+8E       	BNE             loc_BD5A32A8    	                                        	
00002962	libmyjni.so:loc_BD5A32A8	CMP             R1, #2          	                                        	
00002962	libmyjni.so:n2+B2       	BNE             loc_BD5A32C0    	                                        	
00002962	libmyjni.so:loc_BD5A32C0	ADDS            R0, R4, #3      	R0=000007E3 N=0                         	
00002962	libmyjni.so:n2+CA       	MOVS            R1, #0xD        	R1=0000000D                             	
00002962	libmyjni.so:n2+CC       	BLX             unk_BD5A36C8    	LR=BD5A32C9 T=0                         	
00002962	libmyjni.so:unk_BD5A36C8	CMP             R1, #0          	C=1                                     	
00002962	libmyjni.so:JNI_OnUnLoad+130	BEQ             unk_BD5A36B8    	                                        	
00002962	libmyjni.so:JNI_OnUnLoad+134	PUSH            {R0,R1,LR}      	SP=FF7F38CC                             	
00002962	libmyjni.so:JNI_OnUnLoad+138	BL              unk_BD5A35F4    	LR=BD5A36D8                             	
00002962	libmyjni.so:unk_BD5A35F4	EOR             R12, R0, R1     	R12=000007EE                            	
00002962	libmyjni.so:JNI_OnUnLoad+5C	RSBMI           R1, R1, #0      	                                        	
00002962	libmyjni.so:JNI_OnUnLoad+60	SUBS            R2, R1, #1      	R2=0000000C                             	
00002962	libmyjni.so:JNI_OnUnLoad+64	BEQ             unk_BD5A3684    	                                        	
00002962	libmyjni.so:JNI_OnUnLoad+68	MOVS            R3, R0          	R3=000007E3                             	
00002962	libmyjni.so:JNI_OnUnLoad+6C	RSBMI           R3, R0, #0      	                                        	
00002962	libmyjni.so:JNI_OnUnLoad+70	CMP             R3, R1          	                                        	
00002962	libmyjni.so:JNI_OnUnLoad+74	BLS             unk_BD5A3690    	                                        	
00002962	libmyjni.so:JNI_OnUnLoad+78	TST             R1, R2          	                                        	
00002962	libmyjni.so:JNI_OnUnLoad+7C	BEQ             unk_BD5A36A0    	                                        	
00002962	libmyjni.so:JNI_OnUnLoad+80	CLZ             R2, R1          	R2=0000001C                             	
00002962	libmyjni.so:JNI_OnUnLoad+84	CLZ             R0, R3          	R0=00000015                             	
00002962	libmyjni.so:JNI_OnUnLoad+88	SUB             R0, R2, R0      	R0=00000007                             	
00002962	libmyjni.so:JNI_OnUnLoad+8C	MOV             R2, #1          	R2=00000001                             	
00002962	libmyjni.so:JNI_OnUnLoad+90	MOV             R1, R1,LSL R0   	R1=00000680                             	
00002962	libmyjni.so:JNI_OnUnLoad+94	MOV             R2, R2,LSL R0   	R2=00000080                             	
00002962	libmyjni.so:JNI_OnUnLoad+98	MOV             R0, #0          	R0=00000000                             	
00002962	libmyjni.so:JNI_OnUnLoad+9C	CMP             R3, R1          	                                        	
00002962	libmyjni.so:JNI_OnUnLoad+A0	SUBCS           R3, R3, R1      	R3=00000163                             	
00002962	libmyjni.so:JNI_OnUnLoad+A4	ORRCS           R0, R0, R2      	R0=00000080                             	
00002962	libmyjni.so:JNI_OnUnLoad+A8	CMP             R3, R1,LSR#1    	C=0 N=1                                 	
00002962	libmyjni.so:JNI_OnUnLoad+AC	SUBCS           R3, R3, R1,LSR#1	                                        	
00002962	libmyjni.so:JNI_OnUnLoad+B0	ORRCS           R0, R0, R2,LSR#1	                                        	
00002962	libmyjni.so:JNI_OnUnLoad+B4	CMP             R3, R1,LSR#2    	                                        	
00002962	libmyjni.so:JNI_OnUnLoad+B8	SUBCS           R3, R3, R1,LSR#2	                                        	
00002962	libmyjni.so:JNI_OnUnLoad+BC	ORRCS           R0, R0, R2,LSR#2	                                        	
00002962	libmyjni.so:JNI_OnUnLoad+C0	CMP             R3, R1,LSR#3    	C=1 N=0                                 	
00002962	libmyjni.so:JNI_OnUnLoad+C4	SUBCS           R3, R3, R1,LSR#3	R3=00000093                             	
00002962	libmyjni.so:JNI_OnUnLoad+C8	ORRCS           R0, R0, R2,LSR#3	R0=00000090                             	
00002962	libmyjni.so:JNI_OnUnLoad+CC	CMP             R3, #0          	                                        	
00002962	libmyjni.so:JNI_OnUnLoad+D0	MOVSNE          R2, R2,LSR#4    	R2=00000008 C=0                         	
00002962	libmyjni.so:JNI_OnUnLoad+D4	MOVNE           R1, R1,LSR#4    	R1=00000068                             	
00002962	libmyjni.so:JNI_OnUnLoad+D8	BNE             unk_BD5A3638    	                                        	
00002962	libmyjni.so:unk_BD5A3638	CMP             R3, R1          	C=1                                     	
00002962	libmyjni.so:JNI_OnUnLoad+A0	SUBCS           R3, R3, R1      	R3=0000002B                             	
00002962	libmyjni.so:JNI_OnUnLoad+A4	ORRCS           R0, R0, R2      	R0=00000098                             	
00002962	libmyjni.so:JNI_OnUnLoad+A8	CMP             R3, R1,LSR#1    	C=0 N=1                                 	
00002962	libmyjni.so:JNI_OnUnLoad+AC	SUBCS           R3, R3, R1,LSR#1	                                        	
00002962	libmyjni.so:JNI_OnUnLoad+B0	ORRCS           R0, R0, R2,LSR#1	                                        	
00002962	libmyjni.so:JNI_OnUnLoad+B4	CMP             R3, R1,LSR#2    	C=1 N=0                                 	
00002962	libmyjni.so:JNI_OnUnLoad+B8	SUBCS           R3, R3, R1,LSR#2	R3=00000011                             	
00002962	libmyjni.so:JNI_OnUnLoad+BC	ORRCS           R0, R0, R2,LSR#2	R0=0000009A                             	
00002962	libmyjni.so:JNI_OnUnLoad+C0	CMP             R3, R1,LSR#3    	                                        	
00002962	libmyjni.so:JNI_OnUnLoad+C4	SUBCS           R3, R3, R1,LSR#3	R3=00000004                             	
00002962	libmyjni.so:JNI_OnUnLoad+C8	ORRCS           R0, R0, R2,LSR#3	R0=0000009B                             	
00002962	libmyjni.so:JNI_OnUnLoad+CC	CMP             R3, #0          	                                        	
00002962	libmyjni.so:JNI_OnUnLoad+D0	MOVSNE          R2, R2,LSR#4    	R2=00000000 Z=1                         	
00002962	libmyjni.so:JNI_OnUnLoad+D4	MOVNE           R1, R1,LSR#4    	                                        	
00002962	libmyjni.so:JNI_OnUnLoad+D8	BNE             unk_BD5A3638    	                                        	
00002962	libmyjni.so:JNI_OnUnLoad+DC	CMP             R12, #0         	Z=0                                     	
00002962	libmyjni.so:JNI_OnUnLoad+E0	RSBMI           R0, R0, #0      	                                        	
00002962	libmyjni.so:JNI_OnUnLoad+E4	BX              LR              	                                        	
00002962	libmyjni.so:JNI_OnUnLoad+13C	POP             {R1,R2,LR}      	R1=000007E3 R2=0000000D SP=FF7F38D8 LR=BD5A32C9	
00002962	libmyjni.so:JNI_OnUnLoad+140	MUL             R3, R2, R0      	R3=000007DF                             	
00002962	libmyjni.so:JNI_OnUnLoad+144	SUB             R1, R1, R3      	R1=00000004                             	
00002962	libmyjni.so:JNI_OnUnLoad+148	BX              LR              	T=1                                     	
00002962	libmyjni.so:n2+D0       	ADD             R3, SP, #0x18   	R3=FF7F38F0                             	
00002962	libmyjni.so:n2+D2       	ADD             R3, R1          	R3=FF7F38F4                             	
00002962	libmyjni.so:n2+D4       	MOV             R4, R1          	R4=00000004                             	
00002962	libmyjni.so:n2+D6       	LDRB.W          R2, [R3,#-0x15] 	R2=00000077                             	
00002962	libmyjni.so:loc_BD5A32D2	LDRB            R3, [R5]        	R3=00000031                             	
00002962	libmyjni.so:n2+DC       	ADDS            R6, #1          	R6=00000001 C=0                         	
00002962	libmyjni.so:n2+DE       	ADDS            R5, #1          	R5=EB43BFB1 N=1                         	
00002962	libmyjni.so:n2+E0       	EORS            R3, R2          	R3=00000046 N=0                         	
00002962	libmyjni.so:n2+E2       	STRB.W          R3, [R5,#-1]    	                                        	
00002962	libmyjni.so:n2+E6       	B               loc_BD5A3278    	                                        	
00002962	libmyjni.so:loc_BD5A3278	CMP             R6, R10         	N=1                                     	
00002962	libmyjni.so:n2+82       	BGE             loc_BD5A32E0    	                                        	
00002962	libmyjni.so:n2+84       	MOV             R0, R6          	R0=00000001                             	
00002962	libmyjni.so:n2+86       	MOVS            R1, #3          	R1=00000003 N=0                         	
00002962	libmyjni.so:n2+88       	BLX             unk_BD5A36C8    	LR=BD5A3285 T=0                         	
00002962	libmyjni.so:unk_BD5A36C8	CMP             R1, #0          	C=1                                     	
00002962	libmyjni.so:JNI_OnUnLoad+130	BEQ             unk_BD5A36B8    	                                        	
00002962	libmyjni.so:JNI_OnUnLoad+134	PUSH            {R0,R1,LR}      	SP=FF7F38CC                             	
00002962	libmyjni.so:JNI_OnUnLoad+138	BL              unk_BD5A35F4    	LR=BD5A36D8                             	
00002962	libmyjni.so:unk_BD5A35F4	EOR             R12, R0, R1     	R12=00000002                            	
00002962	libmyjni.so:JNI_OnUnLoad+5C	RSBMI           R1, R1, #0      	                                        	
00002962	libmyjni.so:JNI_OnUnLoad+60	SUBS            R2, R1, #1      	R2=00000002                             	
00002962	libmyjni.so:JNI_OnUnLoad+64	BEQ             unk_BD5A3684    	                                        	
00002962	libmyjni.so:JNI_OnUnLoad+68	MOVS            R3, R0          	R3=00000001                             	
00002962	libmyjni.so:JNI_OnUnLoad+6C	RSBMI           R3, R0, #0      	                                        	
00002962	libmyjni.so:JNI_OnUnLoad+70	CMP             R3, R1          	C=0 N=1                                 	
00002962	libmyjni.so:JNI_OnUnLoad+74	BLS             unk_BD5A3690    	                                        	
00002962	libmyjni.so:unk_BD5A3690	MOVCC           R0, #0          	R0=00000000                             	
00002962	libmyjni.so:JNI_OnUnLoad+F8	MOVEQ           R0, R12,ASR#31  	                                        	
00002962	libmyjni.so:JNI_OnUnLoad+FC	ORREQ           R0, R0, #1      	                                        	
00002962	libmyjni.so:JNI_OnUnLoad+100	BX              LR              	                                        	
00002962	libmyjni.so:JNI_OnUnLoad+13C	POP             {R1,R2,LR}      	R1=00000001 R2=00000003 SP=FF7F38D8 LR=BD5A3285	
00002962	libmyjni.so:JNI_OnUnLoad+140	MUL             R3, R2, R0      	R3=00000000                             	
00002962	libmyjni.so:JNI_OnUnLoad+144	SUB             R1, R1, R3      	                                        	
00002962	libmyjni.so:JNI_OnUnLoad+148	BX              LR              	T=1                                     	
00002962	libmyjni.so:n2+8C       	CMP             R1, #1          	C=1 Z=1 N=0                             	
00002962	libmyjni.so:n2+8E       	BNE             loc_BD5A32A8    	                                        	
00002962	libmyjni.so:n2+90       	LDR             R3, =0x8000000F 	R3=8000000F                             	
00002962	libmyjni.so:n2+92       	ADDS            R4, #5          	R4=00000009 C=0 Z=0                     	
00002962	libmyjni.so:n2+94       	ANDS            R3, R4          	R3=00000009                             	
00002962	libmyjni.so:n2+96       	CMP             R3, #0          	C=1                                     	
00002962	libmyjni.so:n2+98       	ITTT LT                         	                                        	
00002962	libmyjni.so:n2+A4       	MOV             R4, R3          	                                        	
00002962	libmyjni.so:n2+A6       	ADD             R3, SP, #0x18   	R3=FF7F38F0                             	
00002962	libmyjni.so:n2+A8       	ADD             R3, R4          	R3=FF7F38F9                             	
00002962	libmyjni.so:n2+AA       	LDRB.W          R2, [R3,#-0x17] 	R2=0000005F                             	
00002962	libmyjni.so:n2+AE       	B               loc_BD5A32D2    	                                        	
00002962	libmyjni.so:loc_BD5A32D2	LDRB            R3, [R5]        	R3=00000032                             	
00002962	libmyjni.so:n2+DC       	ADDS            R6, #1          	R6=00000002 C=0                         	
00002962	libmyjni.so:n2+DE       	ADDS            R5, #1          	R5=EB43BFB2 N=1                         	
00002962	libmyjni.so:n2+E0       	EORS            R3, R2          	R3=0000006D N=0                         	
00002962	libmyjni.so:n2+E2       	STRB.W          R3, [R5,#-1]    	                                        	
00002962	libmyjni.so:n2+E6       	B               loc_BD5A3278    	                                        	
00002962	libmyjni.so:loc_BD5A3278	CMP             R6, R10         	N=1                                     	
00002962	libmyjni.so:n2+82       	BGE             loc_BD5A32E0    	                                        	
00002962	libmyjni.so:n2+84       	MOV             R0, R6          	R0=00000002                             	
00002962	libmyjni.so:n2+86       	MOVS            R1, #3          	R1=00000003 N=0                         	
00002962	libmyjni.so:n2+88       	BLX             unk_BD5A36C8    	T=0                                     	
00002962	libmyjni.so:unk_BD5A36C8	CMP             R1, #0          	C=1                                     	
00002962	libmyjni.so:JNI_OnUnLoad+130	BEQ             unk_BD5A36B8    	                                        	
00002962	libmyjni.so:JNI_OnUnLoad+134	PUSH            {R0,R1,LR}      	SP=FF7F38CC                             	
00002962	libmyjni.so:JNI_OnUnLoad+138	BL              unk_BD5A35F4    	LR=BD5A36D8                             	
00002962	libmyjni.so:unk_BD5A35F4	EOR             R12, R0, R1     	R12=00000001                            	
00002962	libmyjni.so:JNI_OnUnLoad+5C	RSBMI           R1, R1, #0      	                                        	
00002962	libmyjni.so:JNI_OnUnLoad+60	SUBS            R2, R1, #1      	R2=00000002                             	
00002962	libmyjni.so:JNI_OnUnLoad+64	BEQ             unk_BD5A3684    	                                        	
00002962	libmyjni.so:JNI_OnUnLoad+68	MOVS            R3, R0          	R3=00000002                             	
00002962	libmyjni.so:JNI_OnUnLoad+6C	RSBMI           R3, R0, #0      	                                        	
00002962	libmyjni.so:JNI_OnUnLoad+70	CMP             R3, R1          	C=0 N=1                                 	
00002962	libmyjni.so:JNI_OnUnLoad+74	BLS             unk_BD5A3690    	                                        	
00002962	libmyjni.so:unk_BD5A3690	MOVCC           R0, #0          	R0=00000000                             	
00002962	libmyjni.so:JNI_OnUnLoad+F8	MOVEQ           R0, R12,ASR#31  	                                        	
00002962	libmyjni.so:JNI_OnUnLoad+FC	ORREQ           R0, R0, #1      	                                        	
00002962	libmyjni.so:JNI_OnUnLoad+100	BX              LR              	                                        	
00002962	libmyjni.so:JNI_OnUnLoad+13C	POP             {R1,R2,LR}      	R1=00000002 R2=00000003 SP=FF7F38D8 LR=BD5A3285	
00002962	libmyjni.so:JNI_OnUnLoad+140	MUL             R3, R2, R0      	R3=00000000                             	
00002962	libmyjni.so:JNI_OnUnLoad+144	SUB             R1, R1, R3      	                                        	
00002962	libmyjni.so:JNI_OnUnLoad+148	BX              LR              	T=1                                     	
00002962	libmyjni.so:n2+8C       	CMP             R1, #1          	C=1 N=0                                 	
00002962	libmyjni.so:n2+8E       	BNE             loc_BD5A32A8    	                                        	
00002962	libmyjni.so:loc_BD5A32A8	CMP             R1, #2          	Z=1                                     	
00002962	libmyjni.so:n2+B2       	BNE             loc_BD5A32C0    	                                        	
00002962	libmyjni.so:n2+B4       	ADDS            R0, R4, #7      	R0=00000010 C=0 Z=0                     	
00002962	libmyjni.so:n2+B6       	MOVS            R1, #0xF        	R1=0000000F                             	
00002962	libmyjni.so:n2+B8       	BLX             unk_BD5A36C8    	LR=BD5A32B5 T=0                         	
00002962	libmyjni.so:unk_BD5A36C8	CMP             R1, #0          	C=1                                     	
00002962	libmyjni.so:JNI_OnUnLoad+130	BEQ             unk_BD5A36B8    	                                        	
00002962	libmyjni.so:JNI_OnUnLoad+134	PUSH            {R0,R1,LR}      	SP=FF7F38CC                             	
00002962	libmyjni.so:JNI_OnUnLoad+138	BL              unk_BD5A35F4    	LR=BD5A36D8                             	
00002962	libmyjni.so:unk_BD5A35F4	EOR             R12, R0, R1     	R12=0000001F                            	
00002962	libmyjni.so:JNI_OnUnLoad+5C	RSBMI           R1, R1, #0      	                                        	
00002962	libmyjni.so:JNI_OnUnLoad+60	SUBS            R2, R1, #1      	R2=0000000E                             	
00002962	libmyjni.so:JNI_OnUnLoad+64	BEQ             unk_BD5A3684    	                                        	
00002962	libmyjni.so:JNI_OnUnLoad+68	MOVS            R3, R0          	R3=00000010                             	
00002962	libmyjni.so:JNI_OnUnLoad+6C	RSBMI           R3, R0, #0      	                                        	
00002962	libmyjni.so:JNI_OnUnLoad+70	CMP             R3, R1          	                                        	
00002962	libmyjni.so:JNI_OnUnLoad+74	BLS             unk_BD5A3690    	                                        	
00002962	libmyjni.so:JNI_OnUnLoad+78	TST             R1, R2          	                                        	
00002962	libmyjni.so:JNI_OnUnLoad+7C	BEQ             unk_BD5A36A0    	                                        	
00002962	libmyjni.so:JNI_OnUnLoad+80	CLZ             R2, R1          	R2=0000001C                             	
00002962	libmyjni.so:JNI_OnUnLoad+84	CLZ             R0, R3          	R0=0000001B                             	
00002962	libmyjni.so:JNI_OnUnLoad+88	SUB             R0, R2, R0      	R0=00000001                             	
00002962	libmyjni.so:JNI_OnUnLoad+8C	MOV             R2, #1          	R2=00000001                             	
00002962	libmyjni.so:JNI_OnUnLoad+90	MOV             R1, R1,LSL R0   	R1=0000001E                             	
00002962	libmyjni.so:JNI_OnUnLoad+94	MOV             R2, R2,LSL R0   	R2=00000002                             	
00002962	libmyjni.so:JNI_OnUnLoad+98	MOV             R0, #0          	R0=00000000                             	
00002962	libmyjni.so:unk_BD5A3638	CMP             R3, R1          	C=0 N=1                                 	
00002962	libmyjni.so:JNI_OnUnLoad+A0	SUBCS           R3, R3, R1      	                                        	
00002962	libmyjni.so:JNI_OnUnLoad+A4	ORRCS           R0, R0, R2      	                                        	
00002962	libmyjni.so:JNI_OnUnLoad+A8	CMP             R3, R1,LSR#1    	C=1 N=0                                 	
00002962	libmyjni.so:JNI_OnUnLoad+AC	SUBCS           R3, R3, R1,LSR#1	R3=00000001                             	
00002962	libmyjni.so:JNI_OnUnLoad+B0	ORRCS           R0, R0, R2,LSR#1	R0=00000001                             	
00002962	libmyjni.so:JNI_OnUnLoad+B4	CMP             R3, R1,LSR#2    	C=0 N=1                                 	
00002962	libmyjni.so:JNI_OnUnLoad+B8	SUBCS           R3, R3, R1,LSR#2	                                        	
00002962	libmyjni.so:JNI_OnUnLoad+BC	ORRCS           R0, R0, R2,LSR#2	                                        	
00002962	libmyjni.so:JNI_OnUnLoad+C0	CMP             R3, R1,LSR#3    	                                        	
00002962	libmyjni.so:JNI_OnUnLoad+C4	SUBCS           R3, R3, R1,LSR#3	                                        	
00002962	libmyjni.so:JNI_OnUnLoad+C8	ORRCS           R0, R0, R2,LSR#3	                                        	
00002962	libmyjni.so:JNI_OnUnLoad+CC	CMP             R3, #0          	C=1 N=0                                 	
00002962	libmyjni.so:JNI_OnUnLoad+D0	MOVSNE          R2, R2,LSR#4    	R2=00000000 C=0 Z=1                     	
00002962	libmyjni.so:JNI_OnUnLoad+D4	MOVNE           R1, R1,LSR#4    	                                        	
00002962	libmyjni.so:JNI_OnUnLoad+D8	BNE             unk_BD5A3638    	                                        	
00002962	libmyjni.so:JNI_OnUnLoad+DC	CMP             R12, #0         	C=1 Z=0                                 	
00002962	libmyjni.so:JNI_OnUnLoad+E0	RSBMI           R0, R0, #0      	                                        	
00002962	libmyjni.so:JNI_OnUnLoad+E4	BX              LR              	                                        	
00002962	libmyjni.so:JNI_OnUnLoad+13C	POP             {R1,R2,LR}      	R1=00000010 R2=0000000F SP=FF7F38D8 LR=BD5A32B5	
00002962	libmyjni.so:JNI_OnUnLoad+140	MUL             R3, R2, R0      	R3=0000000F                             	
00002962	libmyjni.so:JNI_OnUnLoad+144	SUB             R1, R1, R3      	R1=00000001                             	
00002962	libmyjni.so:JNI_OnUnLoad+148	BX              LR              	T=1                                     	
00002962	libmyjni.so:n2+BC       	ADD             R3, SP, #0x18   	R3=FF7F38F0                             	
00002962	libmyjni.so:n2+BE       	ADD             R3, R1          	R3=FF7F38F1                             	
00002962	libmyjni.so:n2+C0       	MOV             R4, R1          	R4=00000001                             	
00002962	libmyjni.so:n2+C2       	LDRB.W          R2, [R3,#-0x16] 	R2=00000061                             	
00002962	libmyjni.so:n2+C6       	B               loc_BD5A32D2    	                                        	
00002962	libmyjni.so:loc_BD5A32D2	LDRB            R3, [R5]        	R3=00000033                             	
00002962	libmyjni.so:n2+DC       	ADDS            R6, #1          	R6=00000003 C=0                         	
00002962	libmyjni.so:n2+DE       	ADDS            R5, #1          	R5=EB43BFB3 N=1                         	
00002962	libmyjni.so:n2+E0       	EORS            R3, R2          	R3=00000052 N=0                         	
00002962	libmyjni.so:n2+E2       	STRB.W          R3, [R5,#-1]    	                                        	
00002962	libmyjni.so:n2+E6       	B               loc_BD5A3278    	                                        	
00002962	libmyjni.so:loc_BD5A3278	CMP             R6, R10         	N=1                                     	
00002962	libmyjni.so:n2+82       	BGE             loc_BD5A32E0    	                                        	
00002962	libmyjni.so:n2+84       	MOV             R0, R6          	R0=00000003                             	
00002962	libmyjni.so:n2+86       	MOVS            R1, #3          	R1=00000003 N=0                         	
00002962	libmyjni.so:n2+88       	BLX             unk_BD5A36C8    	LR=BD5A3285 T=0                         	
00002962	libmyjni.so:unk_BD5A36C8	CMP             R1, #0          	C=1                                     	
00002962	libmyjni.so:JNI_OnUnLoad+130	BEQ             unk_BD5A36B8    	                                        	
00002962	libmyjni.so:JNI_OnUnLoad+134	PUSH            {R0,R1,LR}      	SP=FF7F38CC                             	
00002962	libmyjni.so:JNI_OnUnLoad+138	BL              unk_BD5A35F4    	LR=BD5A36D8                             	
00002962	libmyjni.so:unk_BD5A35F4	EOR             R12, R0, R1     	R12=00000000                            	
00002962	libmyjni.so:JNI_OnUnLoad+5C	RSBMI           R1, R1, #0      	                                        	
00002962	libmyjni.so:JNI_OnUnLoad+60	SUBS            R2, R1, #1      	R2=00000002                             	
00002962	libmyjni.so:JNI_OnUnLoad+64	BEQ             unk_BD5A3684    	                                        	
00002962	libmyjni.so:JNI_OnUnLoad+68	MOVS            R3, R0          	R3=00000003                             	
00002962	libmyjni.so:JNI_OnUnLoad+6C	RSBMI           R3, R0, #0      	                                        	
00002962	libmyjni.so:JNI_OnUnLoad+70	CMP             R3, R1          	Z=1                                     	
00002962	libmyjni.so:JNI_OnUnLoad+74	BLS             unk_BD5A3690    	                                        	
00002962	libmyjni.so:unk_BD5A3690	MOVCC           R0, #0          	                                        	
00002962	libmyjni.so:JNI_OnUnLoad+F8	MOVEQ           R0, R12,ASR#31  	R0=00000000                             	
00002962	libmyjni.so:JNI_OnUnLoad+FC	ORREQ           R0, R0, #1      	R0=00000001                             	
00002962	libmyjni.so:JNI_OnUnLoad+100	BX              LR              	                                        	
00002962	libmyjni.so:JNI_OnUnLoad+13C	POP             {R1,R2,LR}      	R2=00000003 SP=FF7F38D8 LR=BD5A3285     	
00002962	libmyjni.so:JNI_OnUnLoad+140	MUL             R3, R2, R0      	                                        	
00002962	libmyjni.so:JNI_OnUnLoad+144	SUB             R1, R1, R3      	R1=00000000                             	
00002962	libmyjni.so:JNI_OnUnLoad+148	BX              LR              	T=1                                     	
00002962	libmyjni.so:n2+8C       	CMP             R1, #1          	C=0 Z=0 N=1                             	
00002962	libmyjni.so:n2+8E       	BNE             loc_BD5A32A8    	                                        	
00002962	libmyjni.so:loc_BD5A32A8	CMP             R1, #2          	                                        	
00002962	libmyjni.so:n2+B2       	BNE             loc_BD5A32C0    	                                        	
00002962	libmyjni.so:loc_BD5A32C0	ADDS            R0, R4, #3      	R0=00000004 N=0                         	
00002962	libmyjni.so:n2+CA       	MOVS            R1, #0xD        	R1=0000000D                             	
00002962	libmyjni.so:n2+CC       	BLX             unk_BD5A36C8    	LR=BD5A32C9 T=0                         	
00002962	libmyjni.so:unk_BD5A36C8	CMP             R1, #0          	C=1                                     	
00002962	libmyjni.so:JNI_OnUnLoad+130	BEQ             unk_BD5A36B8    	                                        	
00002962	libmyjni.so:JNI_OnUnLoad+134	PUSH            {R0,R1,LR}      	SP=FF7F38CC                             	
00002962	libmyjni.so:JNI_OnUnLoad+138	BL              unk_BD5A35F4    	LR=BD5A36D8                             	
00002962	libmyjni.so:unk_BD5A35F4	EOR             R12, R0, R1     	R12=00000009                            	
00002962	libmyjni.so:JNI_OnUnLoad+5C	RSBMI           R1, R1, #0      	                                        	
00002962	libmyjni.so:JNI_OnUnLoad+60	SUBS            R2, R1, #1      	R2=0000000C                             	
00002962	libmyjni.so:JNI_OnUnLoad+64	BEQ             unk_BD5A3684    	                                        	
00002962	libmyjni.so:JNI_OnUnLoad+68	MOVS            R3, R0          	R3=00000004                             	
00002962	libmyjni.so:JNI_OnUnLoad+6C	RSBMI           R3, R0, #0      	                                        	
00002962	libmyjni.so:JNI_OnUnLoad+70	CMP             R3, R1          	C=0 N=1                                 	
00002962	libmyjni.so:JNI_OnUnLoad+74	BLS             unk_BD5A3690    	                                        	
00002962	libmyjni.so:unk_BD5A3690	MOVCC           R0, #0          	R0=00000000                             	
00002962	libmyjni.so:JNI_OnUnLoad+F8	MOVEQ           R0, R12,ASR#31  	                                        	
00002962	libmyjni.so:JNI_OnUnLoad+FC	ORREQ           R0, R0, #1      	                                        	
00002962	libmyjni.so:JNI_OnUnLoad+100	BX              LR              	                                        	
00002962	libmyjni.so:JNI_OnUnLoad+13C	POP             {R1,R2,LR}      	R1=00000004 R2=0000000D SP=FF7F38D8 LR=BD5A32C9	
00002962	libmyjni.so:JNI_OnUnLoad+140	MUL             R3, R2, R0      	R3=00000000                             	
00002962	libmyjni.so:JNI_OnUnLoad+144	SUB             R1, R1, R3      	                                        	
00002962	libmyjni.so:JNI_OnUnLoad+148	BX              LR              	T=1                                     	
00002962	libmyjni.so:n2+D0       	ADD             R3, SP, #0x18   	R3=FF7F38F0                             	
00002962	libmyjni.so:n2+D2       	ADD             R3, R1          	R3=FF7F38F4                             	
00002962	libmyjni.so:n2+D4       	MOV             R4, R1          	R4=00000004                             	
00002962	libmyjni.so:n2+D6       	LDRB.W          R2, [R3,#-0x15] 	R2=00000077                             	
00002962	libmyjni.so:loc_BD5A32D2	LDRB            R3, [R5]        	R3=00000061                             	
00002962	libmyjni.so:n2+DC       	ADDS            R6, #1          	R6=00000004 N=0                         	
00002962	libmyjni.so:n2+DE       	ADDS            R5, #1          	R5=EB43BFB4 N=1                         	
00002962	libmyjni.so:n2+E0       	EORS            R3, R2          	R3=00000016 N=0                         	
00002962	libmyjni.so:n2+E2       	STRB.W          R3, [R5,#-1]    	                                        	
00002962	libmyjni.so:n2+E6       	B               loc_BD5A3278    	                                        	
00002962	libmyjni.so:loc_BD5A3278	CMP             R6, R10         	N=1                                     	
00002962	libmyjni.so:n2+82       	BGE             loc_BD5A32E0    	                                        	
00002962	libmyjni.so:n2+84       	MOV             R0, R6          	R0=00000004                             	
00002962	libmyjni.so:n2+86       	MOVS            R1, #3          	R1=00000003 N=0                         	
00002962	libmyjni.so:n2+88       	BLX             unk_BD5A36C8    	LR=BD5A3285 T=0                         	
00002962	libmyjni.so:unk_BD5A36C8	CMP             R1, #0          	C=1                                     	
00002962	libmyjni.so:JNI_OnUnLoad+130	BEQ             unk_BD5A36B8    	                                        	
00002962	libmyjni.so:JNI_OnUnLoad+134	PUSH            {R0,R1,LR}      	SP=FF7F38CC                             	
00002962	libmyjni.so:JNI_OnUnLoad+138	BL              unk_BD5A35F4    	LR=BD5A36D8                             	
00002962	libmyjni.so:unk_BD5A35F4	EOR             R12, R0, R1     	R12=00000007                            	
00002962	libmyjni.so:JNI_OnUnLoad+5C	RSBMI           R1, R1, #0      	                                        	
00002962	libmyjni.so:JNI_OnUnLoad+60	SUBS            R2, R1, #1      	R2=00000002                             	
00002962	libmyjni.so:JNI_OnUnLoad+64	BEQ             unk_BD5A3684    	                                        	
00002962	libmyjni.so:JNI_OnUnLoad+68	MOVS            R3, R0          	R3=00000004                             	
00002962	libmyjni.so:JNI_OnUnLoad+6C	RSBMI           R3, R0, #0      	                                        	
00002962	libmyjni.so:JNI_OnUnLoad+70	CMP             R3, R1          	                                        	
00002962	libmyjni.so:JNI_OnUnLoad+74	BLS             unk_BD5A3690    	                                        	
00002962	libmyjni.so:JNI_OnUnLoad+78	TST             R1, R2          	                                        	
00002962	libmyjni.so:JNI_OnUnLoad+7C	BEQ             unk_BD5A36A0    	                                        	
00002962	libmyjni.so:JNI_OnUnLoad+80	CLZ             R2, R1          	R2=0000001E                             	
00002962	libmyjni.so:JNI_OnUnLoad+84	CLZ             R0, R3          	R0=0000001D                             	
00002962	libmyjni.so:JNI_OnUnLoad+88	SUB             R0, R2, R0      	R0=00000001                             	
00002962	libmyjni.so:JNI_OnUnLoad+8C	MOV             R2, #1          	R2=00000001                             	
00002962	libmyjni.so:JNI_OnUnLoad+90	MOV             R1, R1,LSL R0   	R1=00000006                             	
00002962	libmyjni.so:JNI_OnUnLoad+94	MOV             R2, R2,LSL R0   	R2=00000002                             	
00002962	libmyjni.so:JNI_OnUnLoad+98	MOV             R0, #0          	R0=00000000                             	
00002962	libmyjni.so:unk_BD5A3638	CMP             R3, R1          	C=0 N=1                                 	
00002962	libmyjni.so:JNI_OnUnLoad+A0	SUBCS           R3, R3, R1      	                                        	
00002962	libmyjni.so:JNI_OnUnLoad+A4	ORRCS           R0, R0, R2      	                                        	
00002962	libmyjni.so:JNI_OnUnLoad+A8	CMP             R3, R1,LSR#1    	C=1 N=0                                 	
00002962	libmyjni.so:JNI_OnUnLoad+AC	SUBCS           R3, R3, R1,LSR#1	R3=00000001                             	
00002962	libmyjni.so:JNI_OnUnLoad+B0	ORRCS           R0, R0, R2,LSR#1	R0=00000001                             	
00002962	libmyjni.so:JNI_OnUnLoad+B4	CMP             R3, R1,LSR#2    	Z=1                                     	
00002962	libmyjni.so:JNI_OnUnLoad+B8	SUBCS           R3, R3, R1,LSR#2	R3=00000000                             	
00002962	libmyjni.so:JNI_OnUnLoad+BC	ORRCS           R0, R0, R2,LSR#2	                                        	
00002962	libmyjni.so:JNI_OnUnLoad+C0	CMP             R3, R1,LSR#3    	                                        	
00002962	libmyjni.so:JNI_OnUnLoad+C4	SUBCS           R3, R3, R1,LSR#3	                                        	
00002962	libmyjni.so:JNI_OnUnLoad+C8	ORRCS           R0, R0, R2,LSR#3	                                        	
00002962	libmyjni.so:JNI_OnUnLoad+CC	CMP             R3, #0          	                                        	
00002962	libmyjni.so:JNI_OnUnLoad+D0	MOVSNE          R2, R2,LSR#4    	                                        	
00002962	libmyjni.so:JNI_OnUnLoad+D4	MOVNE           R1, R1,LSR#4    	                                        	
00002962	libmyjni.so:JNI_OnUnLoad+D8	BNE             unk_BD5A3638    	                                        	
00002962	libmyjni.so:JNI_OnUnLoad+DC	CMP             R12, #0         	Z=0                                     	
00002962	libmyjni.so:JNI_OnUnLoad+E0	RSBMI           R0, R0, #0      	                                        	
00002962	libmyjni.so:JNI_OnUnLoad+E4	BX              LR              	                                        	
00002962	libmyjni.so:JNI_OnUnLoad+13C	POP             {R1,R2,LR}      	R1=00000004 R2=00000003 SP=FF7F38D8 LR=BD5A3285	
00002962	libmyjni.so:JNI_OnUnLoad+140	MUL             R3, R2, R0      	R3=00000003                             	
00002962	libmyjni.so:JNI_OnUnLoad+144	SUB             R1, R1, R3      	R1=00000001                             	
00002962	libmyjni.so:JNI_OnUnLoad+148	BX              LR              	T=1                                     	
00002962	libmyjni.so:n2+8C       	CMP             R1, #1          	Z=1                                     	
00002962	libmyjni.so:n2+8E       	BNE             loc_BD5A32A8    	                                        	
00002962	libmyjni.so:n2+90       	LDR             R3, =0x8000000F 	R3=8000000F                             	
00002962	libmyjni.so:n2+92       	ADDS            R4, #5          	R4=00000009 C=0 Z=0                     	
00002962	libmyjni.so:n2+94       	ANDS            R3, R4          	R3=00000009                             	
00002962	libmyjni.so:n2+96       	CMP             R3, #0          	C=1                                     	
00002962	libmyjni.so:n2+98       	ITTT LT                         	                                        	
00002962	libmyjni.so:n2+A4       	MOV             R4, R3          	                                        	
00002962	libmyjni.so:n2+A6       	ADD             R3, SP, #0x18   	R3=FF7F38F0                             	
00002962	libmyjni.so:n2+A8       	ADD             R3, R4          	R3=FF7F38F9                             	
00002962	libmyjni.so:n2+AA       	LDRB.W          R2, [R3,#-0x17] 	R2=0000005F                             	
00002962	libmyjni.so:n2+AE       	B               loc_BD5A32D2    	                                        	
00002962	libmyjni.so:loc_BD5A32D2	LDRB            R3, [R5]        	R3=00000062                             	
00002962	libmyjni.so:n2+DC       	ADDS            R6, #1          	R6=00000005 C=0                         	
00002962	libmyjni.so:n2+DE       	ADDS            R5, #1          	R5=EB43BFB5 N=1                         	
00002962	libmyjni.so:n2+E0       	EORS            R3, R2          	R3=0000003D N=0                         	
00002962	libmyjni.so:n2+E2       	STRB.W          R3, [R5,#-1]    	                                        	
00002962	libmyjni.so:n2+E6       	B               loc_BD5A3278    	                                        	
00002962	libmyjni.so:loc_BD5A3278	CMP             R6, R10         	N=1                                     	
00002962	libmyjni.so:n2+82       	BGE             loc_BD5A32E0    	                                        	
00002962	libmyjni.so:n2+84       	MOV             R0, R6          	R0=00000005                             	
00002962	libmyjni.so:n2+86       	MOVS            R1, #3          	R1=00000003 N=0                         	
00002962	libmyjni.so:n2+88       	BLX             unk_BD5A36C8    	T=0                                     	
00002962	libmyjni.so:unk_BD5A36C8	CMP             R1, #0          	C=1                                     	
00002962	libmyjni.so:JNI_OnUnLoad+130	BEQ             unk_BD5A36B8    	                                        	
00002962	libmyjni.so:JNI_OnUnLoad+134	PUSH            {R0,R1,LR}      	SP=FF7F38CC                             	
00002962	libmyjni.so:JNI_OnUnLoad+138	BL              unk_BD5A35F4    	LR=BD5A36D8                             	
00002962	libmyjni.so:unk_BD5A35F4	EOR             R12, R0, R1     	R12=00000006                            	
00002962	libmyjni.so:JNI_OnUnLoad+5C	RSBMI           R1, R1, #0      	                                        	
00002962	libmyjni.so:JNI_OnUnLoad+60	SUBS            R2, R1, #1      	R2=00000002                             	
00002962	libmyjni.so:JNI_OnUnLoad+64	BEQ             unk_BD5A3684    	                                        	
00002962	libmyjni.so:JNI_OnUnLoad+68	MOVS            R3, R0          	R3=00000005                             	
00002962	libmyjni.so:JNI_OnUnLoad+6C	RSBMI           R3, R0, #0      	                                        	
00002962	libmyjni.so:JNI_OnUnLoad+70	CMP             R3, R1          	                                        	
00002962	libmyjni.so:JNI_OnUnLoad+74	BLS             unk_BD5A3690    	                                        	
00002962	libmyjni.so:JNI_OnUnLoad+78	TST             R1, R2          	                                        	
00002962	libmyjni.so:JNI_OnUnLoad+7C	BEQ             unk_BD5A36A0    	                                        	
00002962	libmyjni.so:JNI_OnUnLoad+80	CLZ             R2, R1          	R2=0000001E                             	
00002962	libmyjni.so:JNI_OnUnLoad+84	CLZ             R0, R3          	R0=0000001D                             	
00002962	libmyjni.so:JNI_OnUnLoad+88	SUB             R0, R2, R0      	R0=00000001                             	
00002962	libmyjni.so:JNI_OnUnLoad+8C	MOV             R2, #1          	R2=00000001                             	
00002962	libmyjni.so:JNI_OnUnLoad+90	MOV             R1, R1,LSL R0   	R1=00000006                             	
00002962	libmyjni.so:JNI_OnUnLoad+94	MOV             R2, R2,LSL R0   	R2=00000002                             	
00002962	libmyjni.so:JNI_OnUnLoad+98	MOV             R0, #0          	R0=00000000                             	
00002962	libmyjni.so:unk_BD5A3638	CMP             R3, R1          	C=0 N=1                                 	
00002962	libmyjni.so:JNI_OnUnLoad+A0	SUBCS           R3, R3, R1      	                                        	
00002962	libmyjni.so:JNI_OnUnLoad+A4	ORRCS           R0, R0, R2      	                                        	
00002962	libmyjni.so:JNI_OnUnLoad+A8	CMP             R3, R1,LSR#1    	C=1 N=0                                 	
00002962	libmyjni.so:JNI_OnUnLoad+AC	SUBCS           R3, R3, R1,LSR#1	R3=00000002                             	
00002962	libmyjni.so:JNI_OnUnLoad+B0	ORRCS           R0, R0, R2,LSR#1	R0=00000001                             	
00002962	libmyjni.so:JNI_OnUnLoad+B4	CMP             R3, R1,LSR#2    	                                        	
00002962	libmyjni.so:JNI_OnUnLoad+B8	SUBCS           R3, R3, R1,LSR#2	R3=00000001                             	
00002962	libmyjni.so:JNI_OnUnLoad+BC	ORRCS           R0, R0, R2,LSR#2	                                        	
00002962	libmyjni.so:JNI_OnUnLoad+C0	CMP             R3, R1,LSR#3    	                                        	
00002962	libmyjni.so:JNI_OnUnLoad+C4	SUBCS           R3, R3, R1,LSR#3	                                        	
00002962	libmyjni.so:JNI_OnUnLoad+C8	ORRCS           R0, R0, R2,LSR#3	                                        	
00002962	libmyjni.so:JNI_OnUnLoad+CC	CMP             R3, #0          	                                        	
00002962	libmyjni.so:JNI_OnUnLoad+D0	MOVSNE          R2, R2,LSR#4    	R2=00000000 C=0 Z=1                     	
00002962	libmyjni.so:JNI_OnUnLoad+D4	MOVNE           R1, R1,LSR#4    	                                        	
00002962	libmyjni.so:JNI_OnUnLoad+D8	BNE             unk_BD5A3638    	                                        	
00002962	libmyjni.so:JNI_OnUnLoad+DC	CMP             R12, #0         	C=1 Z=0                                 	
00002962	libmyjni.so:JNI_OnUnLoad+E0	RSBMI           R0, R0, #0      	                                        	
00002962	libmyjni.so:JNI_OnUnLoad+E4	BX              LR              	                                        	
00002962	libmyjni.so:JNI_OnUnLoad+13C	POP             {R1,R2,LR}      	R1=00000005 R2=00000003 SP=FF7F38D8 LR=BD5A3285	
00002962	libmyjni.so:JNI_OnUnLoad+140	MUL             R3, R2, R0      	R3=00000003                             	
00002962	libmyjni.so:JNI_OnUnLoad+144	SUB             R1, R1, R3      	R1=00000002                             	
00002962	libmyjni.so:JNI_OnUnLoad+148	BX              LR              	T=1                                     	
00002962	libmyjni.so:n2+8C       	CMP             R1, #1          	                                        	
00002962	libmyjni.so:n2+8E       	BNE             loc_BD5A32A8    	                                        	
00002962	libmyjni.so:loc_BD5A32A8	CMP             R1, #2          	Z=1                                     	
00002962	libmyjni.so:n2+B2       	BNE             loc_BD5A32C0    	                                        	
00002962	libmyjni.so:n2+B4       	ADDS            R0, R4, #7      	R0=00000010 C=0 Z=0                     	
00002962	libmyjni.so:n2+B6       	MOVS            R1, #0xF        	R1=0000000F                             	
00002962	libmyjni.so:n2+B8       	BLX             unk_BD5A36C8    	LR=BD5A32B5 T=0                         	
00002962	libmyjni.so:unk_BD5A36C8	CMP             R1, #0          	C=1                                     	
00002962	libmyjni.so:JNI_OnUnLoad+130	BEQ             unk_BD5A36B8    	                                        	
00002962	libmyjni.so:JNI_OnUnLoad+134	PUSH            {R0,R1,LR}      	SP=FF7F38CC                             	
00002962	libmyjni.so:JNI_OnUnLoad+138	BL              unk_BD5A35F4    	LR=BD5A36D8                             	
00002962	libmyjni.so:unk_BD5A35F4	EOR             R12, R0, R1     	R12=0000001F                            	
00002962	libmyjni.so:JNI_OnUnLoad+5C	RSBMI           R1, R1, #0      	                                        	
00002962	libmyjni.so:JNI_OnUnLoad+60	SUBS            R2, R1, #1      	R2=0000000E                             	
00002962	libmyjni.so:JNI_OnUnLoad+64	BEQ             unk_BD5A3684    	                                        	
00002962	libmyjni.so:JNI_OnUnLoad+68	MOVS            R3, R0          	R3=00000010                             	
00002962	libmyjni.so:JNI_OnUnLoad+6C	RSBMI           R3, R0, #0      	                                        	
00002962	libmyjni.so:JNI_OnUnLoad+70	CMP             R3, R1          	                                        	
00002962	libmyjni.so:JNI_OnUnLoad+74	BLS             unk_BD5A3690    	                                        	
00002962	libmyjni.so:JNI_OnUnLoad+78	TST             R1, R2          	                                        	
00002962	libmyjni.so:JNI_OnUnLoad+7C	BEQ             unk_BD5A36A0    	                                        	
00002962	libmyjni.so:JNI_OnUnLoad+80	CLZ             R2, R1          	R2=0000001C                             	
00002962	libmyjni.so:JNI_OnUnLoad+84	CLZ             R0, R3          	R0=0000001B                             	
00002962	libmyjni.so:JNI_OnUnLoad+88	SUB             R0, R2, R0      	R0=00000001                             	
00002962	libmyjni.so:JNI_OnUnLoad+8C	MOV             R2, #1          	R2=00000001                             	
00002962	libmyjni.so:JNI_OnUnLoad+90	MOV             R1, R1,LSL R0   	R1=0000001E                             	
00002962	libmyjni.so:JNI_OnUnLoad+94	MOV             R2, R2,LSL R0   	R2=00000002                             	
00002962	libmyjni.so:JNI_OnUnLoad+98	MOV             R0, #0          	R0=00000000                             	
00002962	libmyjni.so:unk_BD5A3638	CMP             R3, R1          	C=0 N=1                                 	
00002962	libmyjni.so:JNI_OnUnLoad+A0	SUBCS           R3, R3, R1      	                                        	
00002962	libmyjni.so:JNI_OnUnLoad+A4	ORRCS           R0, R0, R2      	                                        	
00002962	libmyjni.so:JNI_OnUnLoad+A8	CMP             R3, R1,LSR#1    	C=1 N=0                                 	
00002962	libmyjni.so:JNI_OnUnLoad+AC	SUBCS           R3, R3, R1,LSR#1	R3=00000001                             	
00002962	libmyjni.so:JNI_OnUnLoad+B0	ORRCS           R0, R0, R2,LSR#1	R0=00000001                             	
00002962	libmyjni.so:JNI_OnUnLoad+B4	CMP             R3, R1,LSR#2    	C=0 N=1                                 	
00002962	libmyjni.so:JNI_OnUnLoad+B8	SUBCS           R3, R3, R1,LSR#2	                                        	
00002962	libmyjni.so:JNI_OnUnLoad+BC	ORRCS           R0, R0, R2,LSR#2	                                        	
00002962	libmyjni.so:JNI_OnUnLoad+C0	CMP             R3, R1,LSR#3    	                                        	
00002962	libmyjni.so:JNI_OnUnLoad+C4	SUBCS           R3, R3, R1,LSR#3	                                        	
00002962	libmyjni.so:JNI_OnUnLoad+C8	ORRCS           R0, R0, R2,LSR#3	                                        	
00002962	libmyjni.so:JNI_OnUnLoad+CC	CMP             R3, #0          	C=1 N=0                                 	
00002962	libmyjni.so:JNI_OnUnLoad+D0	MOVSNE          R2, R2,LSR#4    	R2=00000000 C=0 Z=1                     	
00002962	libmyjni.so:JNI_OnUnLoad+D4	MOVNE           R1, R1,LSR#4    	                                        	
00002962	libmyjni.so:JNI_OnUnLoad+D8	BNE             unk_BD5A3638    	                                        	
00002962	libmyjni.so:JNI_OnUnLoad+DC	CMP             R12, #0         	C=1 Z=0                                 	
00002962	libmyjni.so:JNI_OnUnLoad+E0	RSBMI           R0, R0, #0      	                                        	
00002962	libmyjni.so:JNI_OnUnLoad+E4	BX              LR              	                                        	
00002962	libmyjni.so:JNI_OnUnLoad+13C	POP             {R1,R2,LR}      	R1=00000010 R2=0000000F SP=FF7F38D8 LR=BD5A32B5	
00002962	libmyjni.so:JNI_OnUnLoad+140	MUL             R3, R2, R0      	R3=0000000F                             	
00002962	libmyjni.so:JNI_OnUnLoad+144	SUB             R1, R1, R3      	R1=00000001                             	
00002962	libmyjni.so:JNI_OnUnLoad+148	BX              LR              	T=1                                     	
00002962	libmyjni.so:n2+BC       	ADD             R3, SP, #0x18   	R3=FF7F38F0                             	
00002962	libmyjni.so:n2+BE       	ADD             R3, R1          	R3=FF7F38F1                             	
00002962	libmyjni.so:n2+C0       	MOV             R4, R1          	R4=00000001                             	
00002962	libmyjni.so:n2+C2       	LDRB.W          R2, [R3,#-0x16] 	R2=00000061                             	
00002962	libmyjni.so:n2+C6       	B               loc_BD5A32D2    	                                        	
00002962	libmyjni.so:loc_BD5A32D2	LDRB            R3, [R5]        	R3=00000063                             	
00002962	libmyjni.so:n2+DC       	ADDS            R6, #1          	R6=00000006 C=0                         	
00002962	libmyjni.so:n2+DE       	ADDS            R5, #1          	R5=EB43BFB6 N=1                         	
00002962	libmyjni.so:n2+E0       	EORS            R3, R2          	R3=00000002 N=0                         	
00002962	libmyjni.so:n2+E2       	STRB.W          R3, [R5,#-1]    	                                        	
00002962	libmyjni.so:n2+E6       	B               loc_BD5A3278    	                                        	
00002962	libmyjni.so:loc_BD5A3278	CMP             R6, R10         	C=1 Z=1                                 	
00002962	libmyjni.so:n2+82       	BGE             loc_BD5A32E0    	                                        	
00002962	libmyjni.so:loc_BD5A32E0	MOV             R0, R9          	R0=EB43BFB0                             	
00002962	libmyjni.so:n2+EA       	MOV             R1, R7          	R1=E5D4001C                             	
00002962	libmyjni.so:n2+EC       	BLX             unk_BD5A3108    	LR=BD5A32E9 T=0                         	
00002962	libmyjni.so:unk_BD5A3108	ADRL            R12, 0xBD5A6110 	R12=BD5A6110                            	
00002962	libmyjni.so:BD5A3110    	LDR             PC, [R12,#0xEB4]!	R12=BD5A6FC4 T=1                        	
00002962	libc.so:fputs           	PUSH            {R4-R7,LR}      	SP=FF7F38C4                             	
00002962	                        	                                	R0=00000000 R1=8F855664 R2=00000000 R3=D0C9E540 R4=00000001 R5=EB43BFB6 R6=00000006 R7=E5D4001C R8=E8AD3124 R9=EB43BFB0 R10=00000006 R11=FF7F399C R12=E8AD0114 SP=FF7F38D8 LR=E8AC0787 PSR=60840030 D0= D1= D2= D3= D4= D5= D6= D7= D8= D9= D10= D11= D12= D13= D14= D15= D16= D17= D18= D19= D20= D21= D22= D23= D24= D25= D26= D27= D28= D29= D30=	
00002962	libmyjni.so:n2+F0       	LDR             R2, [SP,#0x14]  	R2=8F855664                             	
00002962	libmyjni.so:n2+F2       	LDR.W           R3, [R8]        	R3=8F855664                             	
00002962	libmyjni.so:n2+F6       	CMP             R2, R3          	                                        	
00002962	libmyjni.so:n2+F8       	BEQ             loc_BD5A32F6    	                                        	
00002962	libmyjni.so:loc_BD5A32F6	MOV             R0, R7          	R0=E5D4001C                             	
00002962	libmyjni.so:n2+100      	ADD             SP, SP, #0x18   	SP=FF7F38F0                             	
00002962	libmyjni.so:n2+102      	POP.W           {R4-R10,LR}     	R4=E558808C R5=00000030 R6=BD878B82 R7=00000003 R8=00000000 R9=E26C5410 R10=FF7F39D8 SP=FF7F3910 LR=BD6F10E7	
00002962	libmyjni.so:n2+106      	B.W             sub_BD5A4C24    	                                        	
00002962	libmyjni.so:sub_BD5A4C24	BX              PC              	T=0                                     	
00002962	libmyjni.so:sub_BD5A4C24:loc_BD5A4C28	LDR             R12, =(sub_BD5A312C - 0xBD5A4C34)	R12=FFFFE4F8                            	
00002962	libmyjni.so:sub_BD5A4C24+8	ADD             PC, R12, PC; sub_BD5A312C	                                        	
00002962	libmyjni.so:sub_BD5A312C	ADRL            R12, 0xBD5A6134 	R12=BD5A6134                            	
00002962	libmyjni.so:sub_BD5A312C+8	LDR             PC, [R12,#(unk_BD5A6FD0 - 0xBD5A6134)]!; fclose	R12=BD5A6FD0 T=1                        	
00002962	libc.so:fclose          	CMP             R0, #0          	Z=0 N=1                                 	


input 123abc(0x31 0x32 0x33 0x61 0x62 0x63) -> FmR.=.(0x46 0x6d 0x52 0x16 0x3d 0x02)